[24-Mar-2023 12:00:11 UTC] $user_checked_tag
[24-Mar-2023 12:00:11 UTC] Array
(
    [0] => Array
        (
            [0] => 95
            [1] => 85
            [2] => 90
            [3] => 86
            [4] => 87
            [5] => 84
            [6] => 96
            [7] => 89
            [8] => 92
        )

    [355] => Array
        (
            [0] => 85
            [1] => 86
            [2] => 84
            [3] => 89
            [4] => 92
        )

    [343] => Array
        (
            [0] => 86
            [1] => 87
            [2] => 84
        )

    [354] => Array
        (
            [0] => 95
            [1] => 85
            [2] => 90
        )

    [353] => Array
        (
            [0] => 86
            [1] => 87
            [2] => 84
        )

    [356] => Array
        (
            [0] => 87
            [1] => 84
            [2] => 92
        )

    [352] => Array
        (
            [0] => 95
            [1] => 85
            [2] => 90
            [3] => 86
            [4] => 87
            [5] => 84
        )

)

[24-Mar-2023 12:00:11 UTC] $pids
[24-Mar-2023 12:00:11 UTC] 355
[24-Mar-2023 12:00:11 UTC] $pids
[24-Mar-2023 12:00:11 UTC] 343
[24-Mar-2023 12:00:11 UTC] $pids
[24-Mar-2023 12:00:11 UTC] 353
[24-Mar-2023 12:00:11 UTC] $pids
[24-Mar-2023 12:00:11 UTC] 352
[24-Mar-2023 12:00:11 UTC] $all_tag_data
[24-Mar-2023 12:00:11 UTC] Array
(
    [0] => Array
        (
            [0] => 95
            [1] => 85
            [2] => 90
            [3] => 86
            [4] => 87
            [5] => 84
            [6] => 96
            [7] => 89
            [8] => 92
        )

    [354] => Array
        (
            [0] => 95
            [1] => 85
            [2] => 90
        )

    [356] => Array
        (
            [0] => 87
            [1] => 84
            [2] => 92
        )

    [352] => Array
        (
            [0] => 95
            [1] => 85
            [2] => 90
            [4] => 87
            [5] => 84
        )

)

